<?xml version="1.0" encoding="UTF-8"?>
<!-- Generated by org.testng.reporters.JUnitReportReporter -->
<testsuite hostname="Thoushika" failures="0" tests="2" name="com.tests.DashboardTest" time="17.673" errors="0" timestamp="2025-03-26T14:33:15 IST" skipped="0">
  <testcase classname="com.tests.DashboardTest" name="homePageTextTest" time="6.117"/>
  <testcase classname="com.tests.DashboardTest" name="registerPageTextTest" time="11.556"/>
</testsuite> <!-- com.tests.DashboardTest -->
