<?xml version="1.0" encoding="UTF-8"?>
<!-- Generated by org.testng.reporters.JUnitReportReporter -->
<testsuite hostname="Thoushika" failures="0" tests="1" name="com.tests.HomeTest" time="32.879" errors="0" timestamp="2025-03-27T13:01:48 IST" skipped="0">
  <testcase classname="com.tests.HomeTest" name="loginTest" time="32.879"/>
</testsuite> <!-- com.tests.HomeTest -->
