<?xml version="1.0" encoding="UTF-8"?>
<!-- Generated by org.testng.reporters.JUnitReportReporter -->
<testsuite hostname="Thoushika" failures="0" tests="1" name="com.tests.HomeTest" time="30.752" errors="0" timestamp="2025-03-27T14:32:44 IST" skipped="0">
  <testcase classname="com.tests.HomeTest" name="loginTest" time="30.752"/>
</testsuite> <!-- com.tests.HomeTest -->
