<?xml version="1.0" encoding="UTF-8"?>
<!-- Generated by org.testng.reporters.JUnitReportReporter -->
<testsuite hostname="Thoushika" failures="0" tests="3" name="com.tests.RegisterTests" time="166.203" errors="0" timestamp="2025-03-27T13:01:48 IST" skipped="0">
  <testcase classname="com.tests.RegisterTests" name="Register" time="40.624"/>
  <testcase classname="com.tests.RegisterTests" name="Register" time="41.832"/>
  <testcase classname="com.tests.RegisterTests" name="Register" time="83.747"/>
</testsuite> <!-- com.tests.RegisterTests -->
