<?xml version="1.0" encoding="UTF-8"?>
<!-- Generated by org.testng.reporters.JUnitReportReporter -->
<testsuite hostname="Thoushika" failures="0" tests="3" name="com.tests.RegisterTests" time="99.056" errors="0" timestamp="2025-03-27T14:32:44 IST" skipped="0">
  <testcase classname="com.tests.RegisterTests" name="Register" time="24.256"/>
  <testcase classname="com.tests.RegisterTests" name="Register" time="23.125"/>
  <testcase classname="com.tests.RegisterTests" name="Register" time="51.675"/>
</testsuite> <!-- com.tests.RegisterTests -->
